15 9664 
15 6872 
37 9498 
14 4510 
11 7383 
27 8072 
37 5856 
27 1350 
27 5314 
8 1890 
13 7970 
27 9619 
27 5494 
13 3120 
14 3982 
13 266 
13 4441 
27 1920 
15 3613 
15 6096 
15 2794 
27 5449 
37 6982 
15 1019 
0 1649 
14 2398 
15 3585 
13 742 
13 9403 
27 8753 
11 9866 
15 1213 
8 438 
15 2039 
15 3089 
13 9935 
15 9437 
13 1962 
14 6410 
15 1500 
37 6065 
15 1902 
13 597 
13 9921 
13 355 
27 3189 
14 3031 
5 2030 
15 7852 
27 3451 
27 1001 
13 374 
15 8917 
0 6974 
14 1663 
5 4259 
8 1147 
11 3619 
13 1180 
14 4933 
37 5740 
15 7145 
13 2955 
14 1001 
37 8252 
15 7654 
9 646 
15 9773 
15 1654 
14 6411 
11 3267 
37 4263 
13 5875 
11 7705 
27 9336 
0 2776 
27 3333 
15 952 
14 2593 
13 2654 
14 5609 
27 8675 
15 4108 
27 1921 
13 9778 
13 7247 
27 2865 
27 217 
15 7728 
14 6716 
15 9325 
27 8333 
13 5103 
14 5852 
11 6368 
14 4112 
14 2514 
27 9185 
0 204 
13 7504 
13 1296 
13 5504 
11 749 
27 8919 
15 4602 
27 2210 
2 3935 
14 7895 
13 5771 
15 9997 
13 4717 
9 5886 
13 9672 
11 2169 
13 5084 
11 6358 
0 6790 
13 1323 
14 25 
15 9742 
15 3151 
13 5479 
37 2623 
15 3923 
13 3656 
14 7343 
15 6204 
13 9309 
15 6790 
13 517 
9 6591 
14 9298 
15 6853 
14 767 
15 2715 
11 7297 
27 1047 
8 4248 
14 2584 
11 7314 
